


ARM Macro Assembler    Page 1 


    1 00000000         ;/*
    2 00000000         ;THIS SOFTWARE IS PROVIDED BY ANALOG DEVICES INC. ``AS I
                       S'' AND ANY EXPRESS OR
    3 00000000         ;IMPLIED WARRANTIES, INCLUDING, BUT NOT LIMITED TO, THE 
                       IMPLIED WARRANTIES OF
    4 00000000         ;MERCHANTABILITY, FITNESS FOR A PARTICULAR PURPOSE, OR N
                       ON-INFRINGEMENT, ARE
    5 00000000         ;DISCLAIMED. IN NO EVENT SHALL ANALOG DEVICES INC. BE LI
                       ABLE FOR ANY DIRECT,
    6 00000000         ;INDIRECT, INCIDENTAL, SPECIAL, EXEMPLARY, OR CONSEQUENT
                       IAL DAMAGES
    7 00000000         ;ARISING IN ANY WAY OUT OF THE USE OF THIS SOFTWARE, EVE
                       N IF ADVISED OF THE
    8 00000000         ;POSSIBILITY OF SUCH DAMAGE.
    9 00000000         ;
   10 00000000         ;YOU ASSUME ANY AND ALL RISK FROM THE USE OF THIS CODE O
                       R SUPPORT FILE.
   11 00000000         ;
   12 00000000         ;IT IS THE RESPONSIBILITY OF THE PERSON INTEGRATING THIS
                        CODE INTO AN APPLICATION
   13 00000000         ;TO ENSURE THAT THE RESULTING APPLICATION PERFORMS AS RE
                       QUIRED AND IS SAFE.
   14 00000000         ;
   15 00000000         ;    Module       : startup_ADuCRF101.s
   16 00000000         ;    Description  : Cortex-M3 startup file - ADuCRF101 -
                        RealView Version
   17 00000000         ;    Date         : 15 February 2012
   18 00000000         ;    Version      : v1.00
   19 00000000         ;    Changelog    : v1.00 Initial
   20 00000000         ;*/
   21 00000000                 IMPORT           __use_no_semihosting_swi
   22 00000000         ; Amount of memory (in bytes) allocated for Stack
   23 00000000         ; Tailor this value to your application needs
   24 00000000         ; <h> Stack Configuration
   25 00000000         ;   <o> Stack Size (in Bytes) <0x0-0xFFFFFFFF:8>
   26 00000000         ; </h>
   27 00000000         
   28 00000000 00000400 
                       Stack_Size
                               EQU              0x00000400
   29 00000000         
   30 00000000                 AREA             STACK, NOINIT, READWRITE, ALIGN
=3
   31 00000000         Stack_Mem
                               SPACE            Stack_Size
   32 00000400         __initial_sp
   33 00000400         
   34 00000400         
   35 00000400         ; <h> Heap Configuration
   36 00000400         ;   <o>  Heap Size (in Bytes) <0x0-0xFFFFFFFF:8>
   37 00000400         ; </h>
   38 00000400         
   39 00000400 00000200 
                       Heap_Size
                               EQU              0x00000200
   40 00000400         
   41 00000400                 AREA             HEAP, NOINIT, READWRITE, ALIGN=
3
   42 00000000         __heap_base



ARM Macro Assembler    Page 2 


   43 00000000         Heap_Mem
                               SPACE            Heap_Size
   44 00000200         __heap_limit
   45 00000200         
   46 00000200                 PRESERVE8
   47 00000200                 THUMB
   48 00000200         
   49 00000200         
   50 00000200         ; Vector Table Mapped to Address 0 at Reset
   51 00000200                 AREA             RESET, DATA, READONLY
   52 00000000                 EXPORT           __Vectors
   53 00000000                 EXPORT           __Vectors_End
   54 00000000                 EXPORT           __Vectors_Size
   55 00000000         
   56 00000000 00000000 
                       __Vectors
                               DCD              __initial_sp ; Top of Stack
   57 00000004 00000000        DCD              Reset_Handler ; Reset Handler
   58 00000008 00000000        DCD              NMI_Handler ; The NMI handler  
                                                                  
   59 0000000C 00000000        DCD              HardFault_Handler ; The hard fa
                                                            ult handler 
   60 00000010 00000000        DCD              MemManage_Handler ; The MPU fau
                                                            lt handler  
   61 00000014 00000000        DCD              BusFault_Handler ; The bus faul
                                                            t handler  
   62 00000018 00000000        DCD              UsageFault_Handler ; The usage 
                                                            fault handler
   63 0000001C 00000000        DCD              0           ; Reserved         
                                                                  
   64 00000020 00000000        DCD              0           ; Reserved         
                                                                  
   65 00000024 00000000        DCD              0           ; Reserved         
                                                                  
   66 00000028 00000000        DCD              0           ; Reserved         
                                                                  
   67 0000002C 00000000        DCD              SVC_Handler ; SVCall handler   
                                                                  
   68 00000030 00000000        DCD              DebugMon_Handler ; Debug monito
                                                            r handler  
   69 00000034 00000000        DCD              0           ; Reserved         
                                                                  
   70 00000038 00000000        DCD              PendSV_Handler ; The PendSV han
                                                            dler     
   71 0000003C 00000000        DCD              SysTick_Handler ; The SysTick h
                                                            andler    
   72 00000040         
   73 00000040         ; External Interrupts
   74 00000040 00000000        DCD              WakeUp_Int_Handler ;  Wake Up T
                                                            imer              [
                                                             0]
   75 00000044 00000000        DCD              Ext_Int0_Handler ;  External In
                                                            terrupt 0       [ 1
                                                            ]
   76 00000048 00000000        DCD              Ext_Int1_Handler ;  External In
                                                            terrupt 1       [ 2
                                                            ]
   77 0000004C 00000000        DCD              Ext_Int2_Handler ;  External In
                                                            terrupt 2       [ 3



ARM Macro Assembler    Page 3 


                                                            ]
   78 00000050 00000000        DCD              Ext_Int3_Handler ;  External In
                                                            terrupt 3       [ 4
                                                            ]
   79 00000054 00000000        DCD              Ext_Int4_Handler ;  External In
                                                            terrupt 4       [ 5
                                                            ]
   80 00000058 00000000        DCD              Ext_Int5_Handler ;  External In
                                                            terrupt 5       [ 6
                                                            ]
   81 0000005C 00000000        DCD              Ext_Int6_Handler ;  External In
                                                            terrupt 6       [ 7
                                                            ]
   82 00000060 00000000        DCD              Ext_Int7_Handler ;  External In
                                                            terrupt 7       [ 8
                                                            ]
   83 00000064 00000000        DCD              Ext_Int8_Handler ;  External In
                                                            terrupt 8       [ 9
                                                            ]
   84 00000068 00000000        DCD              WDog_Tmr_Int_Handler ;  Watchdo
                                                            g timer handler    
                                                             [10]
   85 0000006C 00000000        DCD              UnUsed_Handler ;  Reserved     
                                                                          [11]
   86 00000070 00000000        DCD              GP_Tmr0_Int_Handler ;  General 
                                                            purpose timer 0    
                                                            [12]
   87 00000074 00000000        DCD              GP_Tmr1_Int_Handler ;  General 
                                                            purpose timer 1    
                                                            [13]
   88 00000078 00000000        DCD              ADC0_Int_Handler ;  ADC Interru
                                                            pt              [14
                                                            ]
   89 0000007C 00000000        DCD              Flsh_Int_Handler ;  Flash IRQ  
                                                                            [15
                                                            ]
   90 00000080 00000000        DCD              UART_Int_Handler ;  UART0      
                                                                            [16
                                                            ]
   91 00000084 00000000        DCD              SPI0_Int_Handler ;  SPI 0      
                                                                            [17
                                                            ]
   92 00000088 00000000        DCD              SPI1_Int_Handler ;  SPI 1      
                                                                            [18
                                                            ]
   93 0000008C 00000000        DCD              I2C0_Slave_Int_Handler ;  I2C0 
                                                            Slave              
                                                               [19]
   94 00000090 00000000        DCD              I2C0_Master_Int_Handler ;  I2C0
                                                             Master            
                                                                [20]
   95 00000094 00000000        DCD              UnUsed_Handler ;  Reserved     
                                                                          [21]
   96 00000098 00000000        DCD              UnUsed_Handler ;  Reserved     
                                                                          [22]
   97 0000009C 00000000        DCD              DMA_Err_Int_Handler ;  DMA Erro
                                                            r interrupt        
                                                            [23]
   98 000000A0 00000000        DCD              DMA_SPI1_TX_Int_Handler ;  DMA 



ARM Macro Assembler    Page 4 


                                                            SPI1 TX            
                                                                [24]
   99 000000A4 00000000        DCD              DMA_SPI1_RX_Int_Handler ;  DMA 
                                                            SPI1 RX            
                                                                [25]
  100 000000A8 00000000        DCD              DMA_UART_TX_Int_Handler ;  DMA 
                                                            UART TX            
                                                                [26]
  101 000000AC 00000000        DCD              DMA_UART_RX_Int_Handler ;  DMA 
                                                            UART RX            
                                                                [27]
  102 000000B0 00000000        DCD              DMA_I2C0_STX_Int_Handler ;  DMA
                                                             I2C0 Slave TX     
                                                                 [28]
  103 000000B4 00000000        DCD              DMA_I2C0_SRX_Int_Handler ;  DMA
                                                             I2C0 Slave RX     
                                                                 [29]
  104 000000B8 00000000        DCD              DMA_I2C0_MTX_Int_Handler ;  DMA
                                                             I2C0 Master TX    
                                                                 [30]
  105 000000BC 00000000        DCD              DMA_I2C0_MRX_Int_Handler ;  DMA
                                                             I2C0 Master RX    
                                                                 [31]
  106 000000C0 00000000        DCD              UnUsed_Handler ;  Reserved     
                                                                          [32]
  107 000000C4 00000000        DCD              UnUsed_Handler ;  Reserved     
                                                                          [33]
  108 000000C8 00000000        DCD              UnUsed_Handler ;  Reserved     
                                                                          [34]
  109 000000CC 00000000        DCD              DMA_ADC_Int_Handler ;  DMA ADC 
                                                                               
                                                            [35]
  110 000000D0 00000000        DCD              DMA_SPI0_TX_Int_Handler ;  DMA 
                                                            SPI0 TX            
                                                                [36]
  111 000000D4 00000000        DCD              DMA_SPI0_RX_Int_Handler ;  DMA 
                                                            SPI0 RX            
                                                                [37]
  112 000000D8 00000000        DCD              PWMTrip_Int_Handler ;  PWM Trip
                                                                               
                                                            [38]
  113 000000DC 00000000        DCD              PWM0_Int_Handler ;  PWM 0      
                                                                            [39
                                                            ]
  114 000000E0 00000000        DCD              PWM1_Int_Handler ;  PWM 1      
                                                                            [40
                                                            ]
  115 000000E4 00000000        DCD              PWM2_Int_Handler ;  PWM 2      
                                                                            [41
                                                            ]
  116 000000E8 00000000        DCD              PWM3_Int_Handler ;  PWM 3      
                                                                            [42
                                                            ]
  117 000000EC 00000000        DCD              UnUsed_Handler ;  Unused       
                                                                          [43]
  118 000000F0         __Vectors_End
  119 000000F0         
  120 000000F0 000000F0 
                       __Vectors_Size



ARM Macro Assembler    Page 5 


                               EQU              __Vectors_End - __Vectors
  121 000000F0         
  122 000000F0                 AREA             |.text|, CODE, READONLY
  123 00000000         
  124 00000000         ; Reset handler
  125 00000000         Reset_Handler
                               PROC
  126 00000000                 EXPORT           Reset_Handler             [WEAK
]
  127 00000000         ;        IMPORT  SystemInit
  128 00000000                 IMPORT           __main
  129 00000000         ;                 LDR     R0, =SystemInit
  130 00000000         ;                 BLX     R0
  131 00000000 4805            LDR              R0, =__main
  132 00000002 4700            BX               R0
  133 00000004                 ENDP
  134 00000004         
  135 00000004         ; Dummy Exception Handlers (infinite loops which can be 
                       modified)
  136 00000004         
  137 00000004         NMI_Handler
                               PROC
  138 00000004                 EXPORT           NMI_Handler                [WEA
K]
  139 00000004 E7FE            B                .
  140 00000006                 ENDP
  142 00000006         HardFault_Handler
                               PROC
  143 00000006                 EXPORT           HardFault_Handler          [WEA
K]
  144 00000006 E7FE            B                .
  145 00000008                 ENDP
  147 00000008         MemManage_Handler
                               PROC
  148 00000008                 EXPORT           MemManage_Handler          [WEA
K]
  149 00000008 E7FE            B                .
  150 0000000A                 ENDP
  152 0000000A         BusFault_Handler
                               PROC
  153 0000000A                 EXPORT           BusFault_Handler           [WEA
K]
  154 0000000A E7FE            B                .
  155 0000000C                 ENDP
  157 0000000C         UsageFault_Handler
                               PROC
  158 0000000C                 EXPORT           UsageFault_Handler         [WEA
K]
  159 0000000C E7FE            B                .
  160 0000000E                 ENDP
  161 0000000E         SVC_Handler
                               PROC
  162 0000000E                 EXPORT           SVC_Handler                [WEA
K]
  163 0000000E E7FE            B                .
  164 00000010                 ENDP
  166 00000010         DebugMon_Handler
                               PROC
  167 00000010                 EXPORT           DebugMon_Handler           [WEA



ARM Macro Assembler    Page 6 


K]
  168 00000010 E7FE            B                .
  169 00000012                 ENDP
  170 00000012         PendSV_Handler
                               PROC
  171 00000012                 EXPORT           PendSV_Handler             [WEA
K]
  172 00000012 E7FE            B                .
  173 00000014                 ENDP
  174 00000014         SysTick_Handler
                               PROC
  175 00000014                 EXPORT           SysTick_Handler            [WEA
K]
  176 00000014 E7FE            B                .
  177 00000016                 ENDP
  178 00000016         
  179 00000016         Default_Handler
                               PROC
  180 00000016         
  181 00000016                 EXPORT           WakeUp_Int_Handler         [WEA
K]
  182 00000016                 EXPORT           Ext_Int0_Handler           [WEA
K]
  183 00000016                 EXPORT           Ext_Int1_Handler           [WEA
K]
  184 00000016                 EXPORT           Ext_Int2_Handler           [WEA
K]
  185 00000016                 EXPORT           Ext_Int3_Handler           [WEA
K]
  186 00000016                 EXPORT           Ext_Int4_Handler           [WEA
K]
  187 00000016                 EXPORT           Ext_Int5_Handler           [WEA
K]
  188 00000016                 EXPORT           Ext_Int6_Handler           [WEA
K]
  189 00000016                 EXPORT           Ext_Int7_Handler           [WEA
K]
  190 00000016                 EXPORT           Ext_Int8_Handler           [WEA
K]
  191 00000016                 EXPORT           WDog_Tmr_Int_Handler       [WEA
K]
  192 00000016                 EXPORT           GP_Tmr0_Int_Handler        [WEA
K]
  193 00000016                 EXPORT           GP_Tmr1_Int_Handler        [WEA
K]
  194 00000016                 EXPORT           ADC0_Int_Handler           [WEA
K]
  195 00000016                 EXPORT           Flsh_Int_Handler           [WEA
K]
  196 00000016                 EXPORT           UART_Int_Handler           [WEA
K]
  197 00000016                 EXPORT           SPI0_Int_Handler           [WEA
K]
  198 00000016                 EXPORT           SPI1_Int_Handler           [WEA
K]
  199 00000016                 EXPORT           I2C0_Slave_Int_Handler     [WEA
K]
  200 00000016                 EXPORT           I2C0_Master_Int_Handler    [WEA
K]



ARM Macro Assembler    Page 7 


  201 00000016                 EXPORT           DMA_Err_Int_Handler        [WEA
K]
  202 00000016                 EXPORT           DMA_SPI1_TX_Int_Handler    [WEA
K]
  203 00000016                 EXPORT           DMA_SPI1_RX_Int_Handler    [WEA
K]
  204 00000016                 EXPORT           DMA_UART_TX_Int_Handler    [WEA
K]
  205 00000016                 EXPORT           DMA_UART_RX_Int_Handler    [WEA
K]
  206 00000016                 EXPORT           DMA_I2C0_STX_Int_Handler   [WEA
K]
  207 00000016                 EXPORT           DMA_I2C0_SRX_Int_Handler   [WEA
K]
  208 00000016                 EXPORT           DMA_I2C0_MTX_Int_Handler   [WEA
K]
  209 00000016                 EXPORT           DMA_I2C0_MRX_Int_Handler   [WEA
K]
  210 00000016                 EXPORT           DMA_ADC_Int_Handler        [WEA
K]
  211 00000016                 EXPORT           DMA_SPI0_TX_Int_Handler    [WEA
K]
  212 00000016                 EXPORT           DMA_SPI0_RX_Int_Handler    [WEA
K]
  213 00000016                 EXPORT           PWMTrip_Int_Handler        [WEA
K]
  214 00000016                 EXPORT           PWM0_Int_Handler           [WEA
K]
  215 00000016                 EXPORT           PWM1_Int_Handler           [WEA
K]
  216 00000016                 EXPORT           PWM2_Int_Handler           [WEA
K]
  217 00000016                 EXPORT           PWM3_Int_Handler           [WEA
K]
  218 00000016                 EXPORT           UnUsed_Handler             [WEA
K]
  219 00000016         
  220 00000016         
  221 00000016         WakeUp_Int_Handler
  222 00000016         Ext_Int0_Handler
  223 00000016         Ext_Int1_Handler
  224 00000016         Ext_Int2_Handler
  225 00000016         Ext_Int3_Handler
  226 00000016         Ext_Int4_Handler
  227 00000016         Ext_Int5_Handler
  228 00000016         Ext_Int6_Handler
  229 00000016         Ext_Int7_Handler
  230 00000016         Ext_Int8_Handler
  231 00000016         WDog_Tmr_Int_Handler
  232 00000016         GP_Tmr0_Int_Handler
  233 00000016         GP_Tmr1_Int_Handler
  234 00000016         ADC0_Int_Handler
  235 00000016         Flsh_Int_Handler
  236 00000016         UART_Int_Handler
  237 00000016         SPI0_Int_Handler
  238 00000016         SPI1_Int_Handler
  239 00000016         I2C0_Slave_Int_Handler
  240 00000016         I2C0_Master_Int_Handler
  241 00000016         DMA_Err_Int_Handler



ARM Macro Assembler    Page 8 


  242 00000016         DMA_SPI1_TX_Int_Handler
  243 00000016         DMA_SPI1_RX_Int_Handler
  244 00000016         DMA_UART_TX_Int_Handler
  245 00000016         DMA_UART_RX_Int_Handler
  246 00000016         DMA_I2C0_STX_Int_Handler
  247 00000016         DMA_I2C0_SRX_Int_Handler
  248 00000016         DMA_I2C0_MTX_Int_Handler
  249 00000016         DMA_I2C0_MRX_Int_Handler
  250 00000016         DMA_ADC_Int_Handler
  251 00000016         DMA_SPI0_TX_Int_Handler
  252 00000016         DMA_SPI0_RX_Int_Handler
  253 00000016         PWMTrip_Int_Handler
  254 00000016         PWM0_Int_Handler
  255 00000016         PWM1_Int_Handler
  256 00000016         PWM2_Int_Handler
  257 00000016         PWM3_Int_Handler
  258 00000016         UnUsed_Handler
  259 00000016         
  260 00000016 E7FE            B                .
  261 00000018         
  262 00000018                 ENDP
  263 00000018         
  264 00000018                 ALIGN
  265 00000018         
  266 00000018         ;*******************************************************
                       ************************
  267 00000018         ; User Stack and Heap initialization
  268 00000018         ;*******************************************************
                       ************************
  269 00000018                 IF               :DEF:__MICROLIB
  270 00000018         
  271 00000018                 EXPORT           __initial_sp
  272 00000018                 EXPORT           __heap_base
  273 00000018                 EXPORT           __heap_limit
  274 00000018         
  275 00000018                 ELSE
  290                          ENDIF
  291 00000018         
  292 00000018                 END
              00000000 
Command Line: --debug --xref --cpu=Cortex-M3 --apcs=interwork --depend=.\obj\st
artup_ADuCRF101.d -o.\obj\startup_ADuCRF101.o -IC:\Keil\ARM\RV31\INC -IC:\Keil\
ARM\CMSIS\Include -IC:\Keil\ARM\Inc\ADI --predefine="__MICROLIB SETA 1" --list=
.\Lst\startup_ADuCRF101.lst ..\..\Common\RealView\startup_ADuCRF101.s



ARM Macro Assembler    Page 1 Alphabetic symbol ordering
Relocatable symbols

STACK 00000000

Symbol: STACK
   Definitions
      At line 30 in file ..\..\Common\RealView\startup_ADuCRF101.s
   Uses
      None
Comment: STACK unused
Stack_Mem 00000000

Symbol: Stack_Mem
   Definitions
      At line 31 in file ..\..\Common\RealView\startup_ADuCRF101.s
   Uses
      None
Comment: Stack_Mem unused
__initial_sp 00000400

Symbol: __initial_sp
   Definitions
      At line 32 in file ..\..\Common\RealView\startup_ADuCRF101.s
   Uses
      At line 56 in file ..\..\Common\RealView\startup_ADuCRF101.s
      At line 271 in file ..\..\Common\RealView\startup_ADuCRF101.s

3 symbols



ARM Macro Assembler    Page 1 Alphabetic symbol ordering
Relocatable symbols

HEAP 00000000

Symbol: HEAP
   Definitions
      At line 41 in file ..\..\Common\RealView\startup_ADuCRF101.s
   Uses
      None
Comment: HEAP unused
Heap_Mem 00000000

Symbol: Heap_Mem
   Definitions
      At line 43 in file ..\..\Common\RealView\startup_ADuCRF101.s
   Uses
      None
Comment: Heap_Mem unused
__heap_base 00000000

Symbol: __heap_base
   Definitions
      At line 42 in file ..\..\Common\RealView\startup_ADuCRF101.s
   Uses
      At line 272 in file ..\..\Common\RealView\startup_ADuCRF101.s
Comment: __heap_base used once
__heap_limit 00000200

Symbol: __heap_limit
   Definitions
      At line 44 in file ..\..\Common\RealView\startup_ADuCRF101.s
   Uses
      At line 273 in file ..\..\Common\RealView\startup_ADuCRF101.s
Comment: __heap_limit used once
4 symbols



ARM Macro Assembler    Page 1 Alphabetic symbol ordering
Relocatable symbols

RESET 00000000

Symbol: RESET
   Definitions
      At line 51 in file ..\..\Common\RealView\startup_ADuCRF101.s
   Uses
      None
Comment: RESET unused
__Vectors 00000000

Symbol: __Vectors
   Definitions
      At line 56 in file ..\..\Common\RealView\startup_ADuCRF101.s
   Uses
      At line 52 in file ..\..\Common\RealView\startup_ADuCRF101.s
      At line 120 in file ..\..\Common\RealView\startup_ADuCRF101.s

__Vectors_End 000000F0

Symbol: __Vectors_End
   Definitions
      At line 118 in file ..\..\Common\RealView\startup_ADuCRF101.s
   Uses
      At line 53 in file ..\..\Common\RealView\startup_ADuCRF101.s
      At line 120 in file ..\..\Common\RealView\startup_ADuCRF101.s

3 symbols



ARM Macro Assembler    Page 1 Alphabetic symbol ordering
Relocatable symbols

.text 00000000

Symbol: .text
   Definitions
      At line 122 in file ..\..\Common\RealView\startup_ADuCRF101.s
   Uses
      None
Comment: .text unused
ADC0_Int_Handler 00000016

Symbol: ADC0_Int_Handler
   Definitions
      At line 234 in file ..\..\Common\RealView\startup_ADuCRF101.s
   Uses
      At line 88 in file ..\..\Common\RealView\startup_ADuCRF101.s
      At line 194 in file ..\..\Common\RealView\startup_ADuCRF101.s

BusFault_Handler 0000000A

Symbol: BusFault_Handler
   Definitions
      At line 152 in file ..\..\Common\RealView\startup_ADuCRF101.s
   Uses
      At line 61 in file ..\..\Common\RealView\startup_ADuCRF101.s
      At line 153 in file ..\..\Common\RealView\startup_ADuCRF101.s

DMA_ADC_Int_Handler 00000016

Symbol: DMA_ADC_Int_Handler
   Definitions
      At line 250 in file ..\..\Common\RealView\startup_ADuCRF101.s
   Uses
      At line 109 in file ..\..\Common\RealView\startup_ADuCRF101.s
      At line 210 in file ..\..\Common\RealView\startup_ADuCRF101.s

DMA_Err_Int_Handler 00000016

Symbol: DMA_Err_Int_Handler
   Definitions
      At line 241 in file ..\..\Common\RealView\startup_ADuCRF101.s
   Uses
      At line 97 in file ..\..\Common\RealView\startup_ADuCRF101.s
      At line 201 in file ..\..\Common\RealView\startup_ADuCRF101.s

DMA_I2C0_MRX_Int_Handler 00000016

Symbol: DMA_I2C0_MRX_Int_Handler
   Definitions
      At line 249 in file ..\..\Common\RealView\startup_ADuCRF101.s
   Uses
      At line 105 in file ..\..\Common\RealView\startup_ADuCRF101.s
      At line 209 in file ..\..\Common\RealView\startup_ADuCRF101.s

DMA_I2C0_MTX_Int_Handler 00000016

Symbol: DMA_I2C0_MTX_Int_Handler
   Definitions
      At line 248 in file ..\..\Common\RealView\startup_ADuCRF101.s
   Uses



ARM Macro Assembler    Page 2 Alphabetic symbol ordering
Relocatable symbols

      At line 104 in file ..\..\Common\RealView\startup_ADuCRF101.s
      At line 208 in file ..\..\Common\RealView\startup_ADuCRF101.s

DMA_I2C0_SRX_Int_Handler 00000016

Symbol: DMA_I2C0_SRX_Int_Handler
   Definitions
      At line 247 in file ..\..\Common\RealView\startup_ADuCRF101.s
   Uses
      At line 103 in file ..\..\Common\RealView\startup_ADuCRF101.s
      At line 207 in file ..\..\Common\RealView\startup_ADuCRF101.s

DMA_I2C0_STX_Int_Handler 00000016

Symbol: DMA_I2C0_STX_Int_Handler
   Definitions
      At line 246 in file ..\..\Common\RealView\startup_ADuCRF101.s
   Uses
      At line 102 in file ..\..\Common\RealView\startup_ADuCRF101.s
      At line 206 in file ..\..\Common\RealView\startup_ADuCRF101.s

DMA_SPI0_RX_Int_Handler 00000016

Symbol: DMA_SPI0_RX_Int_Handler
   Definitions
      At line 252 in file ..\..\Common\RealView\startup_ADuCRF101.s
   Uses
      At line 111 in file ..\..\Common\RealView\startup_ADuCRF101.s
      At line 212 in file ..\..\Common\RealView\startup_ADuCRF101.s

DMA_SPI0_TX_Int_Handler 00000016

Symbol: DMA_SPI0_TX_Int_Handler
   Definitions
      At line 251 in file ..\..\Common\RealView\startup_ADuCRF101.s
   Uses
      At line 110 in file ..\..\Common\RealView\startup_ADuCRF101.s
      At line 211 in file ..\..\Common\RealView\startup_ADuCRF101.s

DMA_SPI1_RX_Int_Handler 00000016

Symbol: DMA_SPI1_RX_Int_Handler
   Definitions
      At line 243 in file ..\..\Common\RealView\startup_ADuCRF101.s
   Uses
      At line 99 in file ..\..\Common\RealView\startup_ADuCRF101.s
      At line 203 in file ..\..\Common\RealView\startup_ADuCRF101.s

DMA_SPI1_TX_Int_Handler 00000016

Symbol: DMA_SPI1_TX_Int_Handler
   Definitions
      At line 242 in file ..\..\Common\RealView\startup_ADuCRF101.s
   Uses
      At line 98 in file ..\..\Common\RealView\startup_ADuCRF101.s
      At line 202 in file ..\..\Common\RealView\startup_ADuCRF101.s

DMA_UART_RX_Int_Handler 00000016




ARM Macro Assembler    Page 3 Alphabetic symbol ordering
Relocatable symbols

Symbol: DMA_UART_RX_Int_Handler
   Definitions
      At line 245 in file ..\..\Common\RealView\startup_ADuCRF101.s
   Uses
      At line 101 in file ..\..\Common\RealView\startup_ADuCRF101.s
      At line 205 in file ..\..\Common\RealView\startup_ADuCRF101.s

DMA_UART_TX_Int_Handler 00000016

Symbol: DMA_UART_TX_Int_Handler
   Definitions
      At line 244 in file ..\..\Common\RealView\startup_ADuCRF101.s
   Uses
      At line 100 in file ..\..\Common\RealView\startup_ADuCRF101.s
      At line 204 in file ..\..\Common\RealView\startup_ADuCRF101.s

DebugMon_Handler 00000010

Symbol: DebugMon_Handler
   Definitions
      At line 166 in file ..\..\Common\RealView\startup_ADuCRF101.s
   Uses
      At line 68 in file ..\..\Common\RealView\startup_ADuCRF101.s
      At line 167 in file ..\..\Common\RealView\startup_ADuCRF101.s

Default_Handler 00000016

Symbol: Default_Handler
   Definitions
      At line 179 in file ..\..\Common\RealView\startup_ADuCRF101.s
   Uses
      None
Comment: Default_Handler unused
Ext_Int0_Handler 00000016

Symbol: Ext_Int0_Handler
   Definitions
      At line 222 in file ..\..\Common\RealView\startup_ADuCRF101.s
   Uses
      At line 75 in file ..\..\Common\RealView\startup_ADuCRF101.s
      At line 182 in file ..\..\Common\RealView\startup_ADuCRF101.s

Ext_Int1_Handler 00000016

Symbol: Ext_Int1_Handler
   Definitions
      At line 223 in file ..\..\Common\RealView\startup_ADuCRF101.s
   Uses
      At line 76 in file ..\..\Common\RealView\startup_ADuCRF101.s
      At line 183 in file ..\..\Common\RealView\startup_ADuCRF101.s

Ext_Int2_Handler 00000016

Symbol: Ext_Int2_Handler
   Definitions
      At line 224 in file ..\..\Common\RealView\startup_ADuCRF101.s
   Uses
      At line 77 in file ..\..\Common\RealView\startup_ADuCRF101.s
      At line 184 in file ..\..\Common\RealView\startup_ADuCRF101.s



ARM Macro Assembler    Page 4 Alphabetic symbol ordering
Relocatable symbols


Ext_Int3_Handler 00000016

Symbol: Ext_Int3_Handler
   Definitions
      At line 225 in file ..\..\Common\RealView\startup_ADuCRF101.s
   Uses
      At line 78 in file ..\..\Common\RealView\startup_ADuCRF101.s
      At line 185 in file ..\..\Common\RealView\startup_ADuCRF101.s

Ext_Int4_Handler 00000016

Symbol: Ext_Int4_Handler
   Definitions
      At line 226 in file ..\..\Common\RealView\startup_ADuCRF101.s
   Uses
      At line 79 in file ..\..\Common\RealView\startup_ADuCRF101.s
      At line 186 in file ..\..\Common\RealView\startup_ADuCRF101.s

Ext_Int5_Handler 00000016

Symbol: Ext_Int5_Handler
   Definitions
      At line 227 in file ..\..\Common\RealView\startup_ADuCRF101.s
   Uses
      At line 80 in file ..\..\Common\RealView\startup_ADuCRF101.s
      At line 187 in file ..\..\Common\RealView\startup_ADuCRF101.s

Ext_Int6_Handler 00000016

Symbol: Ext_Int6_Handler
   Definitions
      At line 228 in file ..\..\Common\RealView\startup_ADuCRF101.s
   Uses
      At line 81 in file ..\..\Common\RealView\startup_ADuCRF101.s
      At line 188 in file ..\..\Common\RealView\startup_ADuCRF101.s

Ext_Int7_Handler 00000016

Symbol: Ext_Int7_Handler
   Definitions
      At line 229 in file ..\..\Common\RealView\startup_ADuCRF101.s
   Uses
      At line 82 in file ..\..\Common\RealView\startup_ADuCRF101.s
      At line 189 in file ..\..\Common\RealView\startup_ADuCRF101.s

Ext_Int8_Handler 00000016

Symbol: Ext_Int8_Handler
   Definitions
      At line 230 in file ..\..\Common\RealView\startup_ADuCRF101.s
   Uses
      At line 83 in file ..\..\Common\RealView\startup_ADuCRF101.s
      At line 190 in file ..\..\Common\RealView\startup_ADuCRF101.s

Flsh_Int_Handler 00000016

Symbol: Flsh_Int_Handler
   Definitions



ARM Macro Assembler    Page 5 Alphabetic symbol ordering
Relocatable symbols

      At line 235 in file ..\..\Common\RealView\startup_ADuCRF101.s
   Uses
      At line 89 in file ..\..\Common\RealView\startup_ADuCRF101.s
      At line 195 in file ..\..\Common\RealView\startup_ADuCRF101.s

GP_Tmr0_Int_Handler 00000016

Symbol: GP_Tmr0_Int_Handler
   Definitions
      At line 232 in file ..\..\Common\RealView\startup_ADuCRF101.s
   Uses
      At line 86 in file ..\..\Common\RealView\startup_ADuCRF101.s
      At line 192 in file ..\..\Common\RealView\startup_ADuCRF101.s

GP_Tmr1_Int_Handler 00000016

Symbol: GP_Tmr1_Int_Handler
   Definitions
      At line 233 in file ..\..\Common\RealView\startup_ADuCRF101.s
   Uses
      At line 87 in file ..\..\Common\RealView\startup_ADuCRF101.s
      At line 193 in file ..\..\Common\RealView\startup_ADuCRF101.s

HardFault_Handler 00000006

Symbol: HardFault_Handler
   Definitions
      At line 142 in file ..\..\Common\RealView\startup_ADuCRF101.s
   Uses
      At line 59 in file ..\..\Common\RealView\startup_ADuCRF101.s
      At line 143 in file ..\..\Common\RealView\startup_ADuCRF101.s

I2C0_Master_Int_Handler 00000016

Symbol: I2C0_Master_Int_Handler
   Definitions
      At line 240 in file ..\..\Common\RealView\startup_ADuCRF101.s
   Uses
      At line 94 in file ..\..\Common\RealView\startup_ADuCRF101.s
      At line 200 in file ..\..\Common\RealView\startup_ADuCRF101.s

I2C0_Slave_Int_Handler 00000016

Symbol: I2C0_Slave_Int_Handler
   Definitions
      At line 239 in file ..\..\Common\RealView\startup_ADuCRF101.s
   Uses
      At line 93 in file ..\..\Common\RealView\startup_ADuCRF101.s
      At line 199 in file ..\..\Common\RealView\startup_ADuCRF101.s

MemManage_Handler 00000008

Symbol: MemManage_Handler
   Definitions
      At line 147 in file ..\..\Common\RealView\startup_ADuCRF101.s
   Uses
      At line 60 in file ..\..\Common\RealView\startup_ADuCRF101.s
      At line 148 in file ..\..\Common\RealView\startup_ADuCRF101.s




ARM Macro Assembler    Page 6 Alphabetic symbol ordering
Relocatable symbols

NMI_Handler 00000004

Symbol: NMI_Handler
   Definitions
      At line 137 in file ..\..\Common\RealView\startup_ADuCRF101.s
   Uses
      At line 58 in file ..\..\Common\RealView\startup_ADuCRF101.s
      At line 138 in file ..\..\Common\RealView\startup_ADuCRF101.s

PWM0_Int_Handler 00000016

Symbol: PWM0_Int_Handler
   Definitions
      At line 254 in file ..\..\Common\RealView\startup_ADuCRF101.s
   Uses
      At line 113 in file ..\..\Common\RealView\startup_ADuCRF101.s
      At line 214 in file ..\..\Common\RealView\startup_ADuCRF101.s

PWM1_Int_Handler 00000016

Symbol: PWM1_Int_Handler
   Definitions
      At line 255 in file ..\..\Common\RealView\startup_ADuCRF101.s
   Uses
      At line 114 in file ..\..\Common\RealView\startup_ADuCRF101.s
      At line 215 in file ..\..\Common\RealView\startup_ADuCRF101.s

PWM2_Int_Handler 00000016

Symbol: PWM2_Int_Handler
   Definitions
      At line 256 in file ..\..\Common\RealView\startup_ADuCRF101.s
   Uses
      At line 115 in file ..\..\Common\RealView\startup_ADuCRF101.s
      At line 216 in file ..\..\Common\RealView\startup_ADuCRF101.s

PWM3_Int_Handler 00000016

Symbol: PWM3_Int_Handler
   Definitions
      At line 257 in file ..\..\Common\RealView\startup_ADuCRF101.s
   Uses
      At line 116 in file ..\..\Common\RealView\startup_ADuCRF101.s
      At line 217 in file ..\..\Common\RealView\startup_ADuCRF101.s

PWMTrip_Int_Handler 00000016

Symbol: PWMTrip_Int_Handler
   Definitions
      At line 253 in file ..\..\Common\RealView\startup_ADuCRF101.s
   Uses
      At line 112 in file ..\..\Common\RealView\startup_ADuCRF101.s
      At line 213 in file ..\..\Common\RealView\startup_ADuCRF101.s

PendSV_Handler 00000012

Symbol: PendSV_Handler
   Definitions
      At line 170 in file ..\..\Common\RealView\startup_ADuCRF101.s



ARM Macro Assembler    Page 7 Alphabetic symbol ordering
Relocatable symbols

   Uses
      At line 70 in file ..\..\Common\RealView\startup_ADuCRF101.s
      At line 171 in file ..\..\Common\RealView\startup_ADuCRF101.s

Reset_Handler 00000000

Symbol: Reset_Handler
   Definitions
      At line 125 in file ..\..\Common\RealView\startup_ADuCRF101.s
   Uses
      At line 57 in file ..\..\Common\RealView\startup_ADuCRF101.s
      At line 126 in file ..\..\Common\RealView\startup_ADuCRF101.s

SPI0_Int_Handler 00000016

Symbol: SPI0_Int_Handler
   Definitions
      At line 237 in file ..\..\Common\RealView\startup_ADuCRF101.s
   Uses
      At line 91 in file ..\..\Common\RealView\startup_ADuCRF101.s
      At line 197 in file ..\..\Common\RealView\startup_ADuCRF101.s

SPI1_Int_Handler 00000016

Symbol: SPI1_Int_Handler
   Definitions
      At line 238 in file ..\..\Common\RealView\startup_ADuCRF101.s
   Uses
      At line 92 in file ..\..\Common\RealView\startup_ADuCRF101.s
      At line 198 in file ..\..\Common\RealView\startup_ADuCRF101.s

SVC_Handler 0000000E

Symbol: SVC_Handler
   Definitions
      At line 161 in file ..\..\Common\RealView\startup_ADuCRF101.s
   Uses
      At line 67 in file ..\..\Common\RealView\startup_ADuCRF101.s
      At line 162 in file ..\..\Common\RealView\startup_ADuCRF101.s

SysTick_Handler 00000014

Symbol: SysTick_Handler
   Definitions
      At line 174 in file ..\..\Common\RealView\startup_ADuCRF101.s
   Uses
      At line 71 in file ..\..\Common\RealView\startup_ADuCRF101.s
      At line 175 in file ..\..\Common\RealView\startup_ADuCRF101.s

UART_Int_Handler 00000016

Symbol: UART_Int_Handler
   Definitions
      At line 236 in file ..\..\Common\RealView\startup_ADuCRF101.s
   Uses
      At line 90 in file ..\..\Common\RealView\startup_ADuCRF101.s
      At line 196 in file ..\..\Common\RealView\startup_ADuCRF101.s

UnUsed_Handler 00000016



ARM Macro Assembler    Page 8 Alphabetic symbol ordering
Relocatable symbols


Symbol: UnUsed_Handler
   Definitions
      At line 258 in file ..\..\Common\RealView\startup_ADuCRF101.s
   Uses
      At line 85 in file ..\..\Common\RealView\startup_ADuCRF101.s
      At line 95 in file ..\..\Common\RealView\startup_ADuCRF101.s
      At line 96 in file ..\..\Common\RealView\startup_ADuCRF101.s
      At line 106 in file ..\..\Common\RealView\startup_ADuCRF101.s
      At line 107 in file ..\..\Common\RealView\startup_ADuCRF101.s
      At line 108 in file ..\..\Common\RealView\startup_ADuCRF101.s
      At line 117 in file ..\..\Common\RealView\startup_ADuCRF101.s
      At line 218 in file ..\..\Common\RealView\startup_ADuCRF101.s

UsageFault_Handler 0000000C

Symbol: UsageFault_Handler
   Definitions
      At line 157 in file ..\..\Common\RealView\startup_ADuCRF101.s
   Uses
      At line 62 in file ..\..\Common\RealView\startup_ADuCRF101.s
      At line 158 in file ..\..\Common\RealView\startup_ADuCRF101.s

WDog_Tmr_Int_Handler 00000016

Symbol: WDog_Tmr_Int_Handler
   Definitions
      At line 231 in file ..\..\Common\RealView\startup_ADuCRF101.s
   Uses
      At line 84 in file ..\..\Common\RealView\startup_ADuCRF101.s
      At line 191 in file ..\..\Common\RealView\startup_ADuCRF101.s

WakeUp_Int_Handler 00000016

Symbol: WakeUp_Int_Handler
   Definitions
      At line 221 in file ..\..\Common\RealView\startup_ADuCRF101.s
   Uses
      At line 74 in file ..\..\Common\RealView\startup_ADuCRF101.s
      At line 181 in file ..\..\Common\RealView\startup_ADuCRF101.s

50 symbols



ARM Macro Assembler    Page 1 Alphabetic symbol ordering
Absolute symbols

Heap_Size 00000200

Symbol: Heap_Size
   Definitions
      At line 39 in file ..\..\Common\RealView\startup_ADuCRF101.s
   Uses
      At line 43 in file ..\..\Common\RealView\startup_ADuCRF101.s
Comment: Heap_Size used once
Stack_Size 00000400

Symbol: Stack_Size
   Definitions
      At line 28 in file ..\..\Common\RealView\startup_ADuCRF101.s
   Uses
      At line 31 in file ..\..\Common\RealView\startup_ADuCRF101.s
Comment: Stack_Size used once
__Vectors_Size 000000F0

Symbol: __Vectors_Size
   Definitions
      At line 120 in file ..\..\Common\RealView\startup_ADuCRF101.s
   Uses
      At line 54 in file ..\..\Common\RealView\startup_ADuCRF101.s
Comment: __Vectors_Size used once
3 symbols



ARM Macro Assembler    Page 1 Alphabetic symbol ordering
External symbols

__main 00000000

Symbol: __main
   Definitions
      At line 128 in file ..\..\Common\RealView\startup_ADuCRF101.s
   Uses
      At line 131 in file ..\..\Common\RealView\startup_ADuCRF101.s
Comment: __main used once
__use_no_semihosting_swi 00000000

Symbol: __use_no_semihosting_swi
   Definitions
      At line 21 in file ..\..\Common\RealView\startup_ADuCRF101.s
   Uses
      None
Comment: __use_no_semihosting_swi unused
2 symbols
398 symbols in table
